uart-1: $GNRMC,112339.00,A,5123.49091,N,00017.24547,W,0.233,,220725,,,A,V*09??$GNGGA,112
uart-1: 339.00,5123.49091,N,00017.24547,W,1,04,4.89,56.3,M,46.9,M,,*67??$GNGSA,A,3,01,02
uart-1: ,04,31,,,,,,,,,6.27,4.89,3.92,1*0A??$GNGSA,A,3,,,,,,,,,,,,,6.27,4.89,3.92,4*0A??
uart-1: $GPGSV,2,1,05,01,57,120,12,02,28,127,27,04,43,173,23,17,,,21,0*5B??$GPGSV,2,2,05
uart-1: ,31,17,085,30,0*5A??$BDGSV,1,1,00,0*74??$GNTXT,1,1,01,ANTENNA OK*2B??$GNRMC,1123
uart-1: 40.00,A,5123.49088,N,00017.24534,W,0.275,,220725,,,A,V*09??$GNGGA,112340.00,5123
uart-1: .49088,N,00017.24534,W,1,04,4.89,56.4,M,46.9,M,,*62??$GNGSA,A,3,01,02,04,31,,,,,
uart-1: ,,,,6.27,4.89,3.92,1*0A??$GNGSA,A,3,,,,,,,,,,,,,6.27,4.89,3.92,4*0A??$GPGSV,2,1,
uart-1: 05,01,57,120,13,02,28,127,28,04,43,173,23,17,,,20,0*54??$GPGSV,2,2,05,31,17,085,
uart-1: 30,0*5A??$BDGSV,1,1,00,0*74??$GNTXT,1,1,01,ANTENNA OK*2B??$GNRMC,112341.00,A,512
uart-1: 3.49086,N,00017.24530,W,0.344,,220725,,,A,V*01??$GNGGA,112341.00,5123.49086,N,00
uart-1: 017.24530,W,1,04,4.89,56.5,M,46.9,M,,*68??$GNGSA,A,3,01,02,04,31,,,,,,,,,6.27,4.
uart-1: 89,3.93,1*0B??$GNGSA,A,3,,,,,,,,,,,,,6.27,4.89,3.93,4*0B??$GPGSV,2,1,05,01,57,12
uart-1: 0,11,02,28,127,28,04,43,173,23,17,,,20,0*56??$GPGSV,2,2,05,31,17,085,30,0*5A??$B
uart-1: DGSV,1,1,00,0*74??$GNTXT,1,1,01,ANTENNA OK*2B??$GNRMC,112342.00,A,5123.49081,N,0
uart-1: 0017.24495,W,0.178,,220725,,,A,V*06??$GNGGA,112342.00,5123.49081,N,00017.24495,W
uart-1: ,1,03,4.52,57.4,M,46.9,M,,*63??$GNGSA,A,2,02,04,31,,,,,,,,,,4.63,4.52,1.00,1*07?
uart-1: ?$GNGSA,A,2,,,,,,,,,,,,,4.63,4.52,1.00,4*06??$GPGSV,2,1,05,01,57,120,09,02,28,12
uart-1: 7,27,04,43,173,23,17,,,20,0*50??$GPGSV,2,2,05,31,17,085,30,0*5A??$BDGSV,1,1,00,0
uart-1: *74??$GNTXT,1,1,01,ANTENNA OK*2B??$GNRMC,112343.00,A,5123.49121,N,00017.24662,W,
uart-1: 1.101,,220725,,,A,V*09??$GNGGA,112343.00,5123.49121,N,00017.24662,W,1,03,4.52,57
uart-1: .9,M,46.9,M,,*6E??$GNGSA,A,2,02,04,31,,,,,,,,,,4.63,4.52,1.00,1*07??$GNGSA,A,2,,
uart-1: ,,,,,,,,,,,4.63,4.52,1.00,4*06??$GPGSV,2,1,05,01,57,120,09,02,28,127,27,04,43,17
uart-1: 3,22,17,,,20,0*51??$GPGSV,2,2,05,31,17,085,30,0*5A??$BDGSV,1,1,00,0*74??$GNTXT,1
uart-1: ,1,01,ANTENNA OK*2B??$GNRMC,112344.00,A,5123.49122,N,00017.24687,W,0.894,,220725
uart-1: ,,,A,V*02??$GNGGA,112344.00,5123.49122,N,00017.24687,W,1,04,4.89,59.3,M,46.9,M,,
uart-1: *64??$GNGSA,A,3,01,02,04,31,,,,,,,,,6.27,4.89,3.93,1*0B??$GNGSA,A,3,,,,,,,,,,,,,
uart-1: 6.27,4.89,3.93,4*0B??$GPGSV,2,1,06,01,57,120,12,02,28,127,27,03,82,040,,04,43,17
uart-1: 3,22,0*61??$GPGSV,2,2,06,17,,,21,31,17,085,30,0*5C??$BDGSV,1,1,00,0*74??